Deleting the old ./updater.log file...
[INFO] Reading geoip tags from ./tags/geoip_tags.txt...
[INFO] Reading geosite tags from ./tags/geosite_tags.txt...
[NOTICE] GEOIP_TAGS: cloudflare cloudfront cn fastly private
[NOTICE] GEOSITE_TAGS: cn apple-cn tld-cn category-games@cn win-update private china-list gfw category-public-tracker xbox googlefcm cloudflare
[NOTICE] check geoip sha256
[NOTICE] get geoip sha256 successfully!
[NOTICE] geoip is up to date!
[NOTICE] geoip need update, download geoip data file
[NOTICE] download geoip
[NOTICE] get geoip successfully!
[NOTICE] unpack geoip
[NOTICE] check geosite sha256
[NOTICE] get geosite sha256 successfully!
[NOTICE] geosite is up to date!
[NOTICE] geosite need update, download geosite data file
[NOTICE] download geosite
[NOTICE] get geosite successfully!
[NOTICE] unpack geosite
[NOTICE] copy geo files to geo_set
[NOTICE] restart mosdns...
2024-09-22 12:19:30: updater finished!
===============================================



